\BOOKMARK [0][-]{chapter*.6}{\376\377\000I\000n\000t\000r\000o\000d\000u\000c\000t\000i\000o\000n}{}% 1
\BOOKMARK [1][-]{section*.7}{\376\377\000T\000h\000e\000\040\000P\000h\000y\000s\000i\000c\000a\000l\000\040\000S\000t\000a\000n\000c\000e}{chapter*.6}% 2
\BOOKMARK [1][-]{section*.8}{\376\377\000T\000h\000e\000\040\000I\000n\000t\000e\000n\000t\000i\000o\000n\000a\000l\000\040\000S\000t\000a\000n\000c\000e}{chapter*.6}% 3
\BOOKMARK [1][-]{section*.9}{\376\377\000T\000h\000e\000\040\000R\000o\000l\000e\000\040\000o\000f\000\040\000I\000n\000t\000e\000n\000t\000i\000o\000n\000\040\000i\000n\000\040\000A\000e\000s\000t\000h\000e\000t\000i\000c\000\040\000J\000u\000d\000g\000m\000e\000n\000t\000s\000\040}{chapter*.6}% 4
\BOOKMARK [1][-]{section*.10}{\376\377\000A\000r\000t\000\040\000P\000r\000o\000d\000u\000c\000e\000d\000\040\000b\000y\000\040\000A\000r\000t\000i\000f\000i\000c\000i\000a\000l\000\040\000I\000n\000t\000e\000l\000l\000i\000g\000e\000n\000c\000e\000\040}{chapter*.6}% 5
\BOOKMARK [1][-]{section*.11}{\376\377\000R\000e\000a\000c\000t\000i\000o\000n\000s\000\040\000t\000o\000\040\000C\000o\000m\000p\000u\000t\000e\000r\000-\000G\000e\000n\000e\000r\000a\000t\000e\000d\000\040\000A\000r\000t\000\040\000a\000n\000d\000\040\000M\000u\000s\000i\000c\000\040}{chapter*.6}% 6
\BOOKMARK [1][-]{section*.12}{\376\377\000T\000h\000e\000\040\000R\000o\000l\000e\000\040\000o\000f\000\040\000B\000e\000l\000i\000e\000f\000s\000\040\000i\000n\000\040\000H\000u\000m\000a\000n\000-\000C\000o\000m\000p\000u\000t\000e\000r\000\040\000I\000n\000t\000e\000r\000a\000c\000t\000i\000o\000n\000\040}{chapter*.6}% 7
\BOOKMARK [1][-]{section*.13}{\376\377\000N\000a\000r\000r\000a\000t\000i\000v\000e\000\040\000L\000i\000s\000t\000e\000n\000i\000n\000g}{chapter*.6}% 8
\BOOKMARK [1][-]{section*.14}{\376\377\000T\000h\000e\000\040\000P\000r\000e\000s\000e\000n\000t\000\040\000R\000e\000s\000e\000a\000r\000c\000h}{chapter*.6}% 9
\BOOKMARK [0][-]{chapter*.15}{\376\377\000S\000t\000u\000d\000y\000\040\0001}{}% 10
\BOOKMARK [1][-]{section*.16}{\376\377\000M\000e\000t\000h\000o\000d}{chapter*.15}% 11
\BOOKMARK [2][-]{section*.17}{\376\377\000P\000a\000r\000t\000i\000c\000i\000p\000a\000n\000t\000s}{section*.16}% 12
\BOOKMARK [2][-]{section*.18}{\376\377\000M\000a\000t\000e\000r\000i\000a\000l\000s}{section*.16}% 13
\BOOKMARK [2][-]{section*.19}{\376\377\000P\000r\000o\000c\000e\000d\000u\000r\000e}{section*.16}% 14
\BOOKMARK [1][-]{section*.20}{\376\377\000R\000e\000s\000u\000l\000t\000s}{chapter*.15}% 15
\BOOKMARK [2][-]{section*.21}{\376\377\000N\000a\000r\000r\000a\000t\000i\000v\000i\000t\000y}{section*.20}% 16
\BOOKMARK [2][-]{section*.24}{\376\377\000N\000a\000r\000r\000a\000t\000i\000v\000e\000\040\000E\000n\000g\000a\000g\000e\000m\000e\000n\000t}{section*.20}% 17
\BOOKMARK [2][-]{section*.27}{\376\377\000C\000o\000n\000t\000e\000n\000t\000\040\000o\000f\000\040\000N\000a\000r\000r\000a\000t\000i\000v\000e\000s}{section*.20}% 18
\BOOKMARK [1][-]{section*.28}{\376\377\000D\000i\000s\000c\000u\000s\000s\000i\000o\000n}{chapter*.15}% 19
\BOOKMARK [0][-]{chapter*.29}{\376\377\000S\000t\000u\000d\000y\000\040\0002}{}% 20
\BOOKMARK [1][-]{section*.30}{\376\377\000M\000e\000t\000h\000o\000d}{chapter*.29}% 21
\BOOKMARK [2][-]{section*.32}{\376\377\000M\000a\000t\000e\000r\000i\000a\000l\000s\000\040\000a\000n\000d\000\040\000P\000r\000o\000c\000e\000d\000u\000r\000e}{section*.30}% 22
\BOOKMARK [1][-]{section*.33}{\376\377\000R\000e\000s\000u\000l\000t\000s}{chapter*.29}% 23
\BOOKMARK [2][-]{section*.34}{\376\377\000N\000a\000r\000r\000a\000t\000i\000v\000i\000t\000y}{section*.33}% 24
\BOOKMARK [2][-]{section*.37}{\376\377\000N\000a\000r\000r\000a\000t\000i\000v\000e\000\040\000E\000n\000g\000a\000g\000e\000m\000e\000n\000t}{section*.33}% 25
\BOOKMARK [2][-]{section*.40}{\376\377\000P\000e\000r\000c\000e\000i\000v\000e\000d\000\040\000I\000n\000t\000e\000n\000t\000i\000o\000n\000a\000l\000i\000t\000y}{section*.33}% 26
\BOOKMARK [2][-]{section*.41}{\376\377\000C\000o\000n\000t\000e\000n\000t\000\040\000o\000f\000\040\000N\000a\000r\000r\000a\000t\000i\000v\000e\000s}{section*.33}% 27
\BOOKMARK [1][-]{section*.42}{\376\377\000D\000i\000s\000c\000u\000s\000s\000i\000o\000n}{chapter*.29}% 28
\BOOKMARK [0][-]{chapter*.43}{\376\377\000G\000e\000n\000e\000r\000a\000l\000\040\000D\000i\000s\000c\000u\000s\000s\000i\000o\000n}{}% 29
\BOOKMARK [1][-]{section*.44}{\376\377\000I\000m\000p\000l\000i\000c\000a\000t\000i\000o\000n\000s}{chapter*.43}% 30
\BOOKMARK [1][-]{section*.45}{\376\377\000L\000i\000m\000i\000t\000a\000t\000i\000o\000n\000s\000\040\000a\000n\000d\000\040\000F\000u\000t\000u\000r\000e\000\040\000D\000i\000r\000e\000c\000t\000i\000o\000n\000s}{chapter*.43}% 31
\BOOKMARK [1][-]{section*.46}{\376\377\000C\000o\000n\000c\000l\000u\000s\000i\000o\000n}{chapter*.43}% 32
\BOOKMARK [0][-]{chapter*.47}{\376\377\000R\000e\000f\000e\000r\000e\000n\000c\000e\000s}{}% 33
